{"name":"queAcessoOSite()","status":"broken","statusDetails":{"known":false,"muted":false,"flaky":false,"message":"Error {\n  message='Unexpected token \"\" while parsing selector \"\"\n=========================== logs ===========================\n  checking visibility of \"\"\n============================================================\nNote: use DEBUG=pw:api environment variable to capture Playwright logs.\n  name='Error\n  stack='Error: Unexpected token \"\" while parsing selector \"\"\n=========================== logs ===========================\n  checking visibility of \"\"\n============================================================\nNote: use DEBUG=pw:api environment variable to capture Playwright logs.\n    at unexpected (C:\\Users\\mathe\\AppData\\Local\\Temp\\playwright-java-1980817702232469816\\package\\lib\\server\\common\\cssParser.js:76:16)\n    at consumeSimpleSelector (C:\\Users\\mathe\\AppData\\Local\\Temp\\playwright-java-1980817702232469816\\package\\lib\\server\\common\\cssParser.js:206:19)\n    at consumeComplexSelector (C:\\Users\\mathe\\AppData\\Local\\Temp\\playwright-java-1980817702232469816\\package\\lib\\server\\common\\cssParser.js:130:48)\n    at consumeArgument (C:\\Users\\mathe\\AppData\\Local\\Temp\\playwright-java-1980817702232469816\\package\\lib\\server\\common\\cssParser.js:126:16)\n    at consumeFunctionArguments (C:\\Users\\mathe\\AppData\\Local\\Temp\\playwright-java-1980817702232469816\\package\\lib\\server\\common\\cssParser.js:110:25)\n    at Object.parseCSS (C:\\Users\\mathe\\AppData\\Local\\Temp\\playwright-java-1980817702232469816\\package\\lib\\server\\common\\cssParser.js:215:20)\n    at C:\\Users\\mathe\\AppData\\Local\\Temp\\playwright-java-1980817702232469816\\package\\lib\\server\\common\\selectorParser.js:29:43\n    at Array.map (<anonymous>)\n    at Object.parseSelector (C:\\Users\\mathe\\AppData\\Local\\Temp\\playwright-java-1980817702232469816\\package\\lib\\server\\common\\selectorParser.js:23:33)\n    at Selectors._parseSelector (C:\\Users\\mathe\\AppData\\Local\\Temp\\playwright-java-1980817702232469816\\package\\lib\\server\\selectors.js:98:41)\n}","trace":"com.microsoft.playwright.PlaywrightException: Error {\n  message='Unexpected token \"\" while parsing selector \"\"\n=========================== logs ===========================\n  checking visibility of \"\"\n============================================================\nNote: use DEBUG=pw:api environment variable to capture Playwright logs.\n  name='Error\n  stack='Error: Unexpected token \"\" while parsing selector \"\"\n=========================== logs ===========================\n  checking visibility of \"\"\n============================================================\nNote: use DEBUG=pw:api environment variable to capture Playwright logs.\n    at unexpected (C:\\Users\\mathe\\AppData\\Local\\Temp\\playwright-java-1980817702232469816\\package\\lib\\server\\common\\cssParser.js:76:16)\n    at consumeSimpleSelector (C:\\Users\\mathe\\AppData\\Local\\Temp\\playwright-java-1980817702232469816\\package\\lib\\server\\common\\cssParser.js:206:19)\n    at consumeComplexSelector (C:\\Users\\mathe\\AppData\\Local\\Temp\\playwright-java-1980817702232469816\\package\\lib\\server\\common\\cssParser.js:130:48)\n    at consumeArgument (C:\\Users\\mathe\\AppData\\Local\\Temp\\playwright-java-1980817702232469816\\package\\lib\\server\\common\\cssParser.js:126:16)\n    at consumeFunctionArguments (C:\\Users\\mathe\\AppData\\Local\\Temp\\playwright-java-1980817702232469816\\package\\lib\\server\\common\\cssParser.js:110:25)\n    at Object.parseCSS (C:\\Users\\mathe\\AppData\\Local\\Temp\\playwright-java-1980817702232469816\\package\\lib\\server\\common\\cssParser.js:215:20)\n    at C:\\Users\\mathe\\AppData\\Local\\Temp\\playwright-java-1980817702232469816\\package\\lib\\server\\common\\selectorParser.js:29:43\n    at Array.map (<anonymous>)\n    at Object.parseSelector (C:\\Users\\mathe\\AppData\\Local\\Temp\\playwright-java-1980817702232469816\\package\\lib\\server\\common\\selectorParser.js:23:33)\n    at Selectors._parseSelector (C:\\Users\\mathe\\AppData\\Local\\Temp\\playwright-java-1980817702232469816\\package\\lib\\server\\selectors.js:98:41)\n}\r\n\tat com.microsoft.playwright.impl.WaitableResult.get(WaitableResult.java:54)\r\n\tat com.microsoft.playwright.impl.ChannelOwner.runUntil(ChannelOwner.java:88)\r\n\tat com.microsoft.playwright.impl.Connection.sendMessage(Connection.java:96)\r\n\tat com.microsoft.playwright.impl.ChannelOwner.sendMessage(ChannelOwner.java:79)\r\n\tat com.microsoft.playwright.impl.FrameImpl.isVisibleImpl(FrameImpl.java:529)\r\n\tat com.microsoft.playwright.impl.PageImpl.lambda$isVisible$34(PageImpl.java:827)\r\n\tat com.microsoft.playwright.impl.LoggingSupport.withLogging(LoggingSupport.java:47)\r\n\tat com.microsoft.playwright.impl.PageImpl.isVisible(PageImpl.java:826)\r\n\tat com.microsoft.playwright.Page.isVisible(Page.java:2811)\r\n\tat br.com.playwright.cyber.pages.HomePage.addCart(HomePage.java:18)\r\n\tat br.com.playwright.cyber.steps.BaseSteps.queAcessoOSite(BaseSteps.java:16)\r\n\tat java.base/jdk.internal.reflect.NativeMethodAccessorImpl.invoke0(Native Method)\r\n\tat java.base/jdk.internal.reflect.NativeMethodAccessorImpl.invoke(NativeMethodAccessorImpl.java:64)\r\n\tat java.base/jdk.internal.reflect.DelegatingMethodAccessorImpl.invoke(DelegatingMethodAccessorImpl.java:43)\r\n\tat java.base/java.lang.reflect.Method.invoke(Method.java:564)\r\n\tat org.junit.platform.commons.util.ReflectionUtils.invokeMethod(ReflectionUtils.java:688)\r\n\tat org.junit.jupiter.engine.execution.MethodInvocation.proceed(MethodInvocation.java:60)\r\n\tat org.junit.jupiter.engine.execution.InvocationInterceptorChain$ValidatingInvocation.proceed(InvocationInterceptorChain.java:131)\r\n\tat org.junit.jupiter.engine.extension.TimeoutExtension.intercept(TimeoutExtension.java:149)\r\n\tat org.junit.jupiter.engine.extension.TimeoutExtension.interceptTestableMethod(TimeoutExtension.java:140)\r\n\tat org.junit.jupiter.engine.extension.TimeoutExtension.interceptTestMethod(TimeoutExtension.java:84)\r\n\tat org.junit.jupiter.engine.execution.ExecutableInvoker$ReflectiveInterceptorCall.lambda$ofVoidMethod$0(ExecutableInvoker.java:115)\r\n\tat org.junit.jupiter.engine.execution.ExecutableInvoker.lambda$invoke$0(ExecutableInvoker.java:105)\r\n\tat org.junit.jupiter.engine.execution.InvocationInterceptorChain$InterceptedInvocation.proceed(InvocationInterceptorChain.java:106)\r\n\tat org.junit.jupiter.engine.execution.InvocationInterceptorChain.proceed(InvocationInterceptorChain.java:64)\r\n\tat org.junit.jupiter.engine.execution.InvocationInterceptorChain.chainAndInvoke(InvocationInterceptorChain.java:45)\r\n\tat org.junit.jupiter.engine.execution.InvocationInterceptorChain.invoke(InvocationInterceptorChain.java:37)\r\n\tat org.junit.jupiter.engine.execution.ExecutableInvoker.invoke(ExecutableInvoker.java:104)\r\n\tat org.junit.jupiter.engine.execution.ExecutableInvoker.invoke(ExecutableInvoker.java:98)\r\n\tat org.junit.jupiter.engine.descriptor.TestMethodTestDescriptor.lambda$invokeTestMethod$6(TestMethodTestDescriptor.java:210)\r\n\tat org.junit.platform.engine.support.hierarchical.ThrowableCollector.execute(ThrowableCollector.java:73)\r\n\tat org.junit.jupiter.engine.descriptor.TestMethodTestDescriptor.invokeTestMethod(TestMethodTestDescriptor.java:206)\r\n\tat org.junit.jupiter.engine.descriptor.TestMethodTestDescriptor.execute(TestMethodTestDescriptor.java:131)\r\n\tat org.junit.jupiter.engine.descriptor.TestMethodTestDescriptor.execute(TestMethodTestDescriptor.java:65)\r\n\tat org.junit.platform.engine.support.hierarchical.NodeTestTask.lambda$executeRecursively$5(NodeTestTask.java:139)\r\n\tat org.junit.platform.engine.support.hierarchical.ThrowableCollector.execute(ThrowableCollector.java:73)\r\n\tat org.junit.platform.engine.support.hierarchical.NodeTestTask.lambda$executeRecursively$7(NodeTestTask.java:129)\r\n\tat org.junit.platform.engine.support.hierarchical.Node.around(Node.java:137)\r\n\tat org.junit.platform.engine.support.hierarchical.NodeTestTask.lambda$executeRecursively$8(NodeTestTask.java:127)\r\n\tat org.junit.platform.engine.support.hierarchical.ThrowableCollector.execute(ThrowableCollector.java:73)\r\n\tat org.junit.platform.engine.support.hierarchical.NodeTestTask.executeRecursively(NodeTestTask.java:126)\r\n\tat org.junit.platform.engine.support.hierarchical.NodeTestTask.execute(NodeTestTask.java:84)\r\n\tat java.base/java.util.ArrayList.forEach(ArrayList.java:1511)\r\n\tat org.junit.platform.engine.support.hierarchical.SameThreadHierarchicalTestExecutorService.invokeAll(SameThreadHierarchicalTestExecutorService.java:38)\r\n\tat org.junit.platform.engine.support.hierarchical.NodeTestTask.lambda$executeRecursively$5(NodeTestTask.java:143)\r\n\tat org.junit.platform.engine.support.hierarchical.ThrowableCollector.execute(ThrowableCollector.java:73)\r\n\tat org.junit.platform.engine.support.hierarchical.NodeTestTask.lambda$executeRecursively$7(NodeTestTask.java:129)\r\n\tat org.junit.platform.engine.support.hierarchical.Node.around(Node.java:137)\r\n\tat org.junit.platform.engine.support.hierarchical.NodeTestTask.lambda$executeRecursively$8(NodeTestTask.java:127)\r\n\tat org.junit.platform.engine.support.hierarchical.ThrowableCollector.execute(ThrowableCollector.java:73)\r\n\tat org.junit.platform.engine.support.hierarchical.NodeTestTask.executeRecursively(NodeTestTask.java:126)\r\n\tat org.junit.platform.engine.support.hierarchical.NodeTestTask.execute(NodeTestTask.java:84)\r\n\tat java.base/java.util.ArrayList.forEach(ArrayList.java:1511)\r\n\tat org.junit.platform.engine.support.hierarchical.SameThreadHierarchicalTestExecutorService.invokeAll(SameThreadHierarchicalTestExecutorService.java:38)\r\n\tat org.junit.platform.engine.support.hierarchical.NodeTestTask.lambda$executeRecursively$5(NodeTestTask.java:143)\r\n\tat org.junit.platform.engine.support.hierarchical.ThrowableCollector.execute(ThrowableCollector.java:73)\r\n\tat org.junit.platform.engine.support.hierarchical.NodeTestTask.lambda$executeRecursively$7(NodeTestTask.java:129)\r\n\tat org.junit.platform.engine.support.hierarchical.Node.around(Node.java:137)\r\n\tat org.junit.platform.engine.support.hierarchical.NodeTestTask.lambda$executeRecursively$8(NodeTestTask.java:127)\r\n\tat org.junit.platform.engine.support.hierarchical.ThrowableCollector.execute(ThrowableCollector.java:73)\r\n\tat org.junit.platform.engine.support.hierarchical.NodeTestTask.executeRecursively(NodeTestTask.java:126)\r\n\tat org.junit.platform.engine.support.hierarchical.NodeTestTask.execute(NodeTestTask.java:84)\r\n\tat org.junit.platform.engine.support.hierarchical.SameThreadHierarchicalTestExecutorService.submit(SameThreadHierarchicalTestExecutorService.java:32)\r\n\tat org.junit.platform.engine.support.hierarchical.HierarchicalTestExecutor.execute(HierarchicalTestExecutor.java:57)\r\n\tat org.junit.platform.engine.support.hierarchical.HierarchicalTestEngine.execute(HierarchicalTestEngine.java:51)\r\n\tat org.junit.platform.launcher.core.EngineExecutionOrchestrator.execute(EngineExecutionOrchestrator.java:108)\r\n\tat org.junit.platform.launcher.core.EngineExecutionOrchestrator.execute(EngineExecutionOrchestrator.java:88)\r\n\tat org.junit.platform.launcher.core.EngineExecutionOrchestrator.lambda$execute$0(EngineExecutionOrchestrator.java:54)\r\n\tat org.junit.platform.launcher.core.EngineExecutionOrchestrator.withInterceptedStreams(EngineExecutionOrchestrator.java:67)\r\n\tat org.junit.platform.launcher.core.EngineExecutionOrchestrator.execute(EngineExecutionOrchestrator.java:52)\r\n\tat org.junit.platform.launcher.core.DefaultLauncher.execute(DefaultLauncher.java:96)\r\n\tat org.junit.platform.launcher.core.DefaultLauncher.execute(DefaultLauncher.java:75)\r\n\tat com.intellij.junit5.JUnit5IdeaTestRunner.startRunnerWithArgs(JUnit5IdeaTestRunner.java:71)\r\n\tat com.intellij.rt.junit.IdeaTestRunner$Repeater.startRunnerWithArgs(IdeaTestRunner.java:33)\r\n\tat com.intellij.rt.junit.JUnitStarter.prepareStreamsAndStart(JUnitStarter.java:221)\r\n\tat com.intellij.rt.junit.JUnitStarter.main(JUnitStarter.java:54)\r\nCaused by: com.microsoft.playwright.impl.DriverException: Error {\n  message='Unexpected token \"\" while parsing selector \"\"\n=========================== logs ===========================\n  checking visibility of \"\"\n============================================================\nNote: use DEBUG=pw:api environment variable to capture Playwright logs.\n  name='Error\n  stack='Error: Unexpected token \"\" while parsing selector \"\"\n=========================== logs ===========================\n  checking visibility of \"\"\n============================================================\nNote: use DEBUG=pw:api environment variable to capture Playwright logs.\n    at unexpected (C:\\Users\\mathe\\AppData\\Local\\Temp\\playwright-java-1980817702232469816\\package\\lib\\server\\common\\cssParser.js:76:16)\n    at consumeSimpleSelector (C:\\Users\\mathe\\AppData\\Local\\Temp\\playwright-java-1980817702232469816\\package\\lib\\server\\common\\cssParser.js:206:19)\n    at consumeComplexSelector (C:\\Users\\mathe\\AppData\\Local\\Temp\\playwright-java-1980817702232469816\\package\\lib\\server\\common\\cssParser.js:130:48)\n    at consumeArgument (C:\\Users\\mathe\\AppData\\Local\\Temp\\playwright-java-1980817702232469816\\package\\lib\\server\\common\\cssParser.js:126:16)\n    at consumeFunctionArguments (C:\\Users\\mathe\\AppData\\Local\\Temp\\playwright-java-1980817702232469816\\package\\lib\\server\\common\\cssParser.js:110:25)\n    at Object.parseCSS (C:\\Users\\mathe\\AppData\\Local\\Temp\\playwright-java-1980817702232469816\\package\\lib\\server\\common\\cssParser.js:215:20)\n    at C:\\Users\\mathe\\AppData\\Local\\Temp\\playwright-java-1980817702232469816\\package\\lib\\server\\common\\selectorParser.js:29:43\n    at Array.map (<anonymous>)\n    at Object.parseSelector (C:\\Users\\mathe\\AppData\\Local\\Temp\\playwright-java-1980817702232469816\\package\\lib\\server\\common\\selectorParser.js:23:33)\n    at Selectors._parseSelector (C:\\Users\\mathe\\AppData\\Local\\Temp\\playwright-java-1980817702232469816\\package\\lib\\server\\selectors.js:98:41)\n}\r\n\tat com.microsoft.playwright.impl.Connection.dispatch(Connection.java:209)\r\n\tat com.microsoft.playwright.impl.Connection.processOneMessage(Connection.java:189)\r\n\tat com.microsoft.playwright.impl.ChannelOwner.runUntil(ChannelOwner.java:86)\r\n\t... 74 more\r\n"},"stage":"finished","description":"","steps":[],"attachments":[],"parameters":[],"start":1621284697560,"stop":1621284772842,"uuid":"318cb129-7ea0-4a8d-a42d-724ac438345a","historyId":"eefc7df48ee7179afba9ffbd33762a9e","fullName":"br.com.playwright.cyber.steps.BaseSteps.queAcessoOSite","labels":[{"name":"host","value":"Baiken"},{"name":"thread","value":"15800@Baiken.main(1)"},{"name":"framework","value":"junit-platform"},{"name":"language","value":"java"},{"name":"package","value":"br.com.playwright.cyber.steps.BaseSteps"},{"name":"testClass","value":"br.com.playwright.cyber.steps.BaseSteps"},{"name":"testMethod","value":"queAcessoOSite"},{"name":"suite","value":"br.com.playwright.cyber.steps.BaseSteps"}],"links":[]}